<?xml version="1.0" encoding="UTF-8"?>
<Site BuildName="Linux-g++-7"
	BuildStamp="20200429-1648-Experimental"
	Name="bb-Lenovo-IdeaPad-Z500"
	Generator="ctest-3.10.2"
	CompilerName="/usr/bin/g++-7"
	CompilerVersion="7.5.0"
	OSName="Linux"
	Hostname="bb-Lenovo-IdeaPad-Z500"
	OSRelease="5.3.0-51-generic"
	OSVersion="#44~18.04.2-Ubuntu SMP Thu Apr 23 14:27:18 UTC 2020"
	OSPlatform="x86_64"
	Is64Bits="1"
	VendorString="GenuineIntel"
	VendorID="Intel Corporation"
	FamilyID="6"
	ModelID="58"
	ProcessorCacheSize="6144"
	NumberOfLogicalCPU="8"
	NumberOfPhysicalCPU="4"
	TotalVirtualMemory="11853"
	TotalPhysicalMemory="7816"
	LogicalProcessorsPerPhysical="2"
	ProcessorClockFrequency="2684.72"
	>
	<Testing>
		<StartDateTime>Apr 29 18:48 CEST</StartDateTime>
		<StartTestTime>1588178918</StartTestTime>
		<TestList/>
		<EndDateTime>Apr 29 18:48 CEST</EndDateTime>
		<EndTestTime>1588178918</EndTestTime>
		<ElapsedMinutes>0</ElapsedMinutes>
	</Testing>
</Site>
